[15:50:22.408] Global cache location '/Users/jetblack/Library/Caches/typescript/4.9', safe file path '/users/jetblack/.npm-global/lib/node_modules/typescript/lib/typingsafelist.json', types map path /users/jetblack/.npm-global/lib/node_modules/typescript/lib/typesmap.json
[15:50:22.409] Processing cache location '/Users/jetblack/Library/Caches/typescript/4.9'
[15:50:22.409] Trying to find '/Users/jetblack/Library/Caches/typescript/4.9/package.json'...
[15:50:22.411] Loaded content of '/Users/jetblack/Library/Caches/typescript/4.9/package.json': {"private":true,"dependencies":{"types-registry":"^0.1.746"},"devDependencies":{"@types/bootstrap":"^5.2.10","@types/brace-expansion":"^1.1.2","@types/cookie-parser":"^1.4.7","@types/d":"^1.0.4","@types/express":"^5.0.0","@types/invariant":"^2.2.37","@types/less":"^3.0.7","@types/object-assign":"^4.0.33","@types/prop-types":"^15.7.13","@types/react":"^18.3.12","@types/react-dom":"^18.3.1","@types/react-is":"^18.3.0","@types/react-lifecycles-compat":"^3.0.4","@types/react-transition-group":"^4.4.11","@types/scheduler":"^0.23.0","@types/set-cookie-parser":"^2.4.10","@types/stylus":"^0.48.43","@types/warning":"^3.0.3"}}
[15:50:22.411] Loaded content of '/Users/jetblack/Library/Caches/typescript/4.9/package-lock.json'
[15:50:22.439] Adding entry into typings cache: 'bootstrap' => '/Users/jetblack/Library/Caches/typescript/4.9/node_modules/@types/bootstrap/index.d.ts'
[15:50:22.452] Adding entry into typings cache: 'brace-expansion' => '/Users/jetblack/Library/Caches/typescript/4.9/node_modules/@types/brace-expansion/index.d.ts'
[15:50:22.461] Adding entry into typings cache: 'cookie-parser' => '/Users/jetblack/Library/Caches/typescript/4.9/node_modules/@types/cookie-parser/index.d.ts'
[15:50:22.471] Adding entry into typings cache: 'd' => '/Users/jetblack/Library/Caches/typescript/4.9/node_modules/@types/d/index.d.ts'
[15:50:22.480] Adding entry into typings cache: 'express' => '/Users/jetblack/Library/Caches/typescript/4.9/node_modules/@types/express/index.d.ts'
[15:50:22.491] Adding entry into typings cache: 'invariant' => '/Users/jetblack/Library/Caches/typescript/4.9/node_modules/@types/invariant/index.d.ts'
[15:50:22.498] Adding entry into typings cache: 'less' => '/Users/jetblack/Library/Caches/typescript/4.9/node_modules/@types/less/index.d.ts'
[15:50:22.510] Adding entry into typings cache: 'object-assign' => '/Users/jetblack/Library/Caches/typescript/4.9/node_modules/@types/object-assign/index.d.ts'
[15:50:22.513] Adding entry into typings cache: 'prop-types' => '/Users/jetblack/Library/Caches/typescript/4.9/node_modules/@types/prop-types/index.d.ts'
[15:50:22.519] Adding entry into typings cache: 'react' => '/Users/jetblack/Library/Caches/typescript/4.9/node_modules/@types/react/ts5.0/index.d.ts'
[15:50:22.522] Adding entry into typings cache: 'react-dom' => '/Users/jetblack/Library/Caches/typescript/4.9/node_modules/@types/react-dom/index.d.ts'
[15:50:22.524] Adding entry into typings cache: 'react-is' => '/Users/jetblack/Library/Caches/typescript/4.9/node_modules/@types/react-is/index.d.ts'
[15:50:22.527] Adding entry into typings cache: 'react-lifecycles-compat' => '/Users/jetblack/Library/Caches/typescript/4.9/node_modules/@types/react-lifecycles-compat/index.d.ts'
[15:50:22.531] Adding entry into typings cache: 'react-transition-group' => '/Users/jetblack/Library/Caches/typescript/4.9/node_modules/@types/react-transition-group/index.d.ts'
[15:50:22.534] Adding entry into typings cache: 'scheduler' => '/Users/jetblack/Library/Caches/typescript/4.9/node_modules/@types/scheduler/index.d.ts'
[15:50:22.535] Adding entry into typings cache: 'set-cookie-parser' => '/Users/jetblack/Library/Caches/typescript/4.9/node_modules/@types/set-cookie-parser/index.d.ts'
[15:50:22.538] Adding entry into typings cache: 'stylus' => '/Users/jetblack/Library/Caches/typescript/4.9/node_modules/@types/stylus/index.d.ts'
[15:50:22.539] Adding entry into typings cache: 'warning' => '/Users/jetblack/Library/Caches/typescript/4.9/node_modules/@types/warning/index.d.ts'
[15:50:22.539] Finished processing cache location '/Users/jetblack/Library/Caches/typescript/4.9'
[15:50:22.540] Process id: 86115
[15:50:22.540] NPM location: /usr/local/bin/npm (explicit '--npmLocation' not  provided)
[15:50:22.540] validateDefaultNpmLocation: false
[15:50:22.540] Npm config file: /Users/jetblack/Library/Caches/typescript/4.9/package.json
[15:50:22.540] Updating types-registry npm package...
[15:50:22.540] Exec: /usr/local/bin/npm install --ignore-scripts types-registry@latest
[15:50:23.497]     Succeeded. stdout:
    
    up to date in 655ms

1 package is looking for funding
  run `npm fund` for details

[15:50:23.498] Updated types-registry npm package
[15:50:24.739] Got install request {"projectName":"/dev/null/inferredProject1*","fileNames":["/Users/jetblack/.npm-global/lib/node_modules/typescript/lib/lib.es5.d.ts","/Users/jetblack/.npm-global/lib/node_modules/typescript/lib/lib.es2015.d.ts","/Users/jetblack/.npm-global/lib/node_modules/typescript/lib/lib.es2016.d.ts","/Users/jetblack/.npm-global/lib/node_modules/typescript/lib/lib.dom.d.ts","/Users/jetblack/.npm-global/lib/node_modules/typescript/lib/lib.dom.iterable.d.ts","/Users/jetblack/.npm-global/lib/node_modules/typescript/lib/lib.webworker.importscripts.d.ts","/Users/jetblack/.npm-global/lib/node_modules/typescript/lib/lib.scripthost.d.ts","/Users/jetblack/.npm-global/lib/node_modules/typescript/lib/lib.es2015.core.d.ts","/Users/jetblack/.npm-global/lib/node_modules/typescript/lib/lib.es2015.collection.d.ts","/Users/jetblack/.npm-global/lib/node_modules/typescript/lib/lib.es2015.generator.d.ts","/Users/jetblack/.npm-global/lib/node_modules/typescript/lib/lib.es2015.iterable.d.ts","/Users/jetblack/.npm-global/lib/node_modules/typescript/lib/lib.es2015.promise.d.ts","/Users/jetblack/.npm-global/lib/node_modules/typescript/lib/lib.es2015.proxy.d.ts","/Users/jetblack/.npm-global/lib/node_modules/typescript/lib/lib.es2015.reflect.d.ts","/Users/jetblack/.npm-global/lib/node_modules/typescript/lib/lib.es2015.symbol.d.ts","/Users/jetblack/.npm-global/lib/node_modules/typescript/lib/lib.es2015.symbol.wellknown.d.ts","/Users/jetblack/.npm-global/lib/node_modules/typescript/lib/lib.es2016.array.include.d.ts","/Users/jetblack/.npm-global/lib/node_modules/typescript/lib/lib.es2016.full.d.ts","/Users/jetblack/maxwell/GUI/rjs/pen.js"],"compilerOptions":{"module":1,"target":3,"jsx":1,"allowJs":true,"allowSyntheticDefaultImports":true,"allowNonTsExtensions":true,"noEmitForJsFiles":true,"maxNodeModuleJsDepth":2},"typeAcquisition":{"enable":true,"include":[],"exclude":[]},"unresolvedImports":[],"projectRootPath":"/Users/jetblack/maxwell/GUI/rjs","kind":"discover"}
[15:50:24.752] Loaded safelist from types map file '/users/jetblack/.npm-global/lib/node_modules/typescript/lib/typesmap.json'
[15:50:24.753] Explicitly included types: []
[15:50:24.753] Inferred typings from unresolved imports: []
[15:50:24.754] Result: {"cachedTypingPaths":[],"newTypingNames":[],"filesToWatch":["/Users/jetblack/maxwell/GUI/rjs/bower_components","/Users/jetblack/maxwell/GUI/rjs/node_modules"]}
[15:50:24.754] Finished typings discovery: {"cachedTypingPaths":[],"newTypingNames":[],"filesToWatch":["/Users/jetblack/maxwell/GUI/rjs/bower_components","/Users/jetblack/maxwell/GUI/rjs/node_modules"]}
[15:50:24.754] DirectoryWatcher:: Added:: WatchInfo: /Users/jetblack/maxwell/GUI/rjs/bower_components
[15:50:24.754] DirectoryWatcher:: Added:: WatchInfo: /Users/jetblack/maxwell/GUI/rjs/bower_components 1 undefined Project: /dev/null/inferredProject1* watcher already invoked: false
[15:50:24.755] Elapsed:: 0.5940828323364258ms DirectoryWatcher:: Added:: WatchInfo: /Users/jetblack/maxwell/GUI/rjs/bower_components 1 undefined Project: /dev/null/inferredProject1* watcher already invoked: false
[15:50:24.755] DirectoryWatcher:: Added:: WatchInfo: /Users/jetblack/maxwell/GUI/rjs/node_modules
[15:50:24.755] DirectoryWatcher:: Added:: WatchInfo: /Users/jetblack/maxwell/GUI/rjs/node_modules 1 undefined Project: /dev/null/inferredProject1* watcher already invoked: false
[15:50:24.756] Elapsed:: 0.06850004196166992ms DirectoryWatcher:: Added:: WatchInfo: /Users/jetblack/maxwell/GUI/rjs/node_modules 1 undefined Project: /dev/null/inferredProject1* watcher already invoked: false
[15:50:24.756] Sending response:
    {"projectName":"/dev/null/inferredProject1*","typeAcquisition":{"enable":true,"include":[],"exclude":[]},"compilerOptions":{"module":1,"target":3,"jsx":1,"allowJs":true,"allowSyntheticDefaultImports":true,"allowNonTsExtensions":true,"noEmitForJsFiles":true,"maxNodeModuleJsDepth":2},"typings":[],"unresolvedImports":[],"kind":"action::set"}
[15:50:24.756] Response has been sent.
[15:50:24.756] No new typings were requested as a result of typings discovery
[15:51:05.472] Got install request {"projectName":"/dev/null/inferredProject2*","fileNames":["/Users/jetblack/.npm-global/lib/node_modules/typescript/lib/lib.es5.d.ts","/Users/jetblack/.npm-global/lib/node_modules/typescript/lib/lib.es2015.d.ts","/Users/jetblack/.npm-global/lib/node_modules/typescript/lib/lib.es2016.d.ts","/Users/jetblack/.npm-global/lib/node_modules/typescript/lib/lib.dom.d.ts","/Users/jetblack/.npm-global/lib/node_modules/typescript/lib/lib.dom.iterable.d.ts","/Users/jetblack/.npm-global/lib/node_modules/typescript/lib/lib.webworker.importscripts.d.ts","/Users/jetblack/.npm-global/lib/node_modules/typescript/lib/lib.scripthost.d.ts","/Users/jetblack/.npm-global/lib/node_modules/typescript/lib/lib.es2015.core.d.ts","/Users/jetblack/.npm-global/lib/node_modules/typescript/lib/lib.es2015.collection.d.ts","/Users/jetblack/.npm-global/lib/node_modules/typescript/lib/lib.es2015.generator.d.ts","/Users/jetblack/.npm-global/lib/node_modules/typescript/lib/lib.es2015.iterable.d.ts","/Users/jetblack/.npm-global/lib/node_modules/typescript/lib/lib.es2015.promise.d.ts","/Users/jetblack/.npm-global/lib/node_modules/typescript/lib/lib.es2015.proxy.d.ts","/Users/jetblack/.npm-global/lib/node_modules/typescript/lib/lib.es2015.reflect.d.ts","/Users/jetblack/.npm-global/lib/node_modules/typescript/lib/lib.es2015.symbol.d.ts","/Users/jetblack/.npm-global/lib/node_modules/typescript/lib/lib.es2015.symbol.wellknown.d.ts","/Users/jetblack/.npm-global/lib/node_modules/typescript/lib/lib.es2016.array.include.d.ts","/Users/jetblack/.npm-global/lib/node_modules/typescript/lib/lib.es2016.full.d.ts","/Users/jetblack/maxwell/GUI/rjs/line.js"],"compilerOptions":{"module":1,"target":3,"jsx":1,"allowJs":true,"allowSyntheticDefaultImports":true,"allowNonTsExtensions":true,"noEmitForJsFiles":true,"maxNodeModuleJsDepth":2},"typeAcquisition":{"enable":true,"include":[],"exclude":[]},"unresolvedImports":[],"projectRootPath":"/Users/jetblack/maxwell/GUI/rjs","kind":"discover"}
[15:51:05.473] Explicitly included types: []
[15:51:05.473] Inferred typings from unresolved imports: []
[15:51:05.474] Result: {"cachedTypingPaths":[],"newTypingNames":[],"filesToWatch":["/Users/jetblack/maxwell/GUI/rjs/bower_components","/Users/jetblack/maxwell/GUI/rjs/node_modules"]}
[15:51:05.474] Finished typings discovery: {"cachedTypingPaths":[],"newTypingNames":[],"filesToWatch":["/Users/jetblack/maxwell/GUI/rjs/bower_components","/Users/jetblack/maxwell/GUI/rjs/node_modules"]}
[15:51:05.474] DirectoryWatcher:: Added:: WatchInfo: /Users/jetblack/maxwell/GUI/rjs/bower_components
[15:51:05.475] DirectoryWatcher:: Added:: WatchInfo: /Users/jetblack/maxwell/GUI/rjs/bower_components 1 undefined Project: /dev/null/inferredProject2* watcher already invoked: false
[15:51:05.475] Elapsed:: 0.014750003814697266ms DirectoryWatcher:: Added:: WatchInfo: /Users/jetblack/maxwell/GUI/rjs/bower_components 1 undefined Project: /dev/null/inferredProject2* watcher already invoked: false
[15:51:05.475] DirectoryWatcher:: Added:: WatchInfo: /Users/jetblack/maxwell/GUI/rjs/node_modules
[15:51:05.475] DirectoryWatcher:: Added:: WatchInfo: /Users/jetblack/maxwell/GUI/rjs/node_modules 1 undefined Project: /dev/null/inferredProject2* watcher already invoked: false
[15:51:05.475] Elapsed:: 0.005792140960693359ms DirectoryWatcher:: Added:: WatchInfo: /Users/jetblack/maxwell/GUI/rjs/node_modules 1 undefined Project: /dev/null/inferredProject2* watcher already invoked: false
[15:51:05.475] Sending response:
    {"projectName":"/dev/null/inferredProject2*","typeAcquisition":{"enable":true,"include":[],"exclude":[]},"compilerOptions":{"module":1,"target":3,"jsx":1,"allowJs":true,"allowSyntheticDefaultImports":true,"allowNonTsExtensions":true,"noEmitForJsFiles":true,"maxNodeModuleJsDepth":2},"typings":[],"unresolvedImports":[],"kind":"action::set"}
[15:51:05.475] Response has been sent.
[15:51:05.475] No new typings were requested as a result of typings discovery
[15:51:37.173] Got install request {"projectName":"/dev/null/inferredProject3*","fileNames":["/Users/jetblack/.npm-global/lib/node_modules/typescript/lib/lib.es5.d.ts","/Users/jetblack/.npm-global/lib/node_modules/typescript/lib/lib.es2015.d.ts","/Users/jetblack/.npm-global/lib/node_modules/typescript/lib/lib.es2016.d.ts","/Users/jetblack/.npm-global/lib/node_modules/typescript/lib/lib.dom.d.ts","/Users/jetblack/.npm-global/lib/node_modules/typescript/lib/lib.dom.iterable.d.ts","/Users/jetblack/.npm-global/lib/node_modules/typescript/lib/lib.webworker.importscripts.d.ts","/Users/jetblack/.npm-global/lib/node_modules/typescript/lib/lib.scripthost.d.ts","/Users/jetblack/.npm-global/lib/node_modules/typescript/lib/lib.es2015.core.d.ts","/Users/jetblack/.npm-global/lib/node_modules/typescript/lib/lib.es2015.collection.d.ts","/Users/jetblack/.npm-global/lib/node_modules/typescript/lib/lib.es2015.generator.d.ts","/Users/jetblack/.npm-global/lib/node_modules/typescript/lib/lib.es2015.iterable.d.ts","/Users/jetblack/.npm-global/lib/node_modules/typescript/lib/lib.es2015.promise.d.ts","/Users/jetblack/.npm-global/lib/node_modules/typescript/lib/lib.es2015.proxy.d.ts","/Users/jetblack/.npm-global/lib/node_modules/typescript/lib/lib.es2015.reflect.d.ts","/Users/jetblack/.npm-global/lib/node_modules/typescript/lib/lib.es2015.symbol.d.ts","/Users/jetblack/.npm-global/lib/node_modules/typescript/lib/lib.es2015.symbol.wellknown.d.ts","/Users/jetblack/.npm-global/lib/node_modules/typescript/lib/lib.es2016.array.include.d.ts","/Users/jetblack/.npm-global/lib/node_modules/typescript/lib/lib.es2016.full.d.ts","/Users/jetblack/maxwell/GUI/rjs/html2canvas.min.js"],"compilerOptions":{"module":1,"target":3,"jsx":1,"allowJs":true,"allowSyntheticDefaultImports":true,"allowNonTsExtensions":true,"noEmitForJsFiles":true,"maxNodeModuleJsDepth":2},"typeAcquisition":{"enable":true,"include":[],"exclude":[]},"unresolvedImports":[],"projectRootPath":"/Users/jetblack/maxwell/GUI/rjs","kind":"discover"}
[15:51:37.173] Explicitly included types: []
[15:51:37.173] Inferred typings from file names: ["html2canvas"]
[15:51:37.173] Inferred typings from unresolved imports: []
[15:51:37.173] Result: {"cachedTypingPaths":[],"newTypingNames":["html2canvas"],"filesToWatch":["/Users/jetblack/maxwell/GUI/rjs/bower_components","/Users/jetblack/maxwell/GUI/rjs/node_modules"]}
[15:51:37.173] Finished typings discovery: {"cachedTypingPaths":[],"newTypingNames":["html2canvas"],"filesToWatch":["/Users/jetblack/maxwell/GUI/rjs/bower_components","/Users/jetblack/maxwell/GUI/rjs/node_modules"]}
[15:51:37.174] DirectoryWatcher:: Added:: WatchInfo: /Users/jetblack/maxwell/GUI/rjs/bower_components
[15:51:37.174] DirectoryWatcher:: Added:: WatchInfo: /Users/jetblack/maxwell/GUI/rjs/bower_components 1 undefined Project: /dev/null/inferredProject3* watcher already invoked: false
[15:51:37.174] Elapsed:: 0.016541004180908203ms DirectoryWatcher:: Added:: WatchInfo: /Users/jetblack/maxwell/GUI/rjs/bower_components 1 undefined Project: /dev/null/inferredProject3* watcher already invoked: false
[15:51:37.174] DirectoryWatcher:: Added:: WatchInfo: /Users/jetblack/maxwell/GUI/rjs/node_modules
[15:51:37.174] DirectoryWatcher:: Added:: WatchInfo: /Users/jetblack/maxwell/GUI/rjs/node_modules 1 undefined Project: /dev/null/inferredProject3* watcher already invoked: false
[15:51:37.174] Elapsed:: 0.004624843597412109ms DirectoryWatcher:: Added:: WatchInfo: /Users/jetblack/maxwell/GUI/rjs/node_modules 1 undefined Project: /dev/null/inferredProject3* watcher already invoked: false
[15:51:37.174] Installing typings ["html2canvas"]
[15:51:37.174] 'html2canvas':: Entry for package 'html2canvas' does not exist in local types registry - skipping...
[15:51:37.174] All typings are known to be missing or invalid - no need to install more typings
[15:51:37.174] Sending response:
    {"projectName":"/dev/null/inferredProject3*","typeAcquisition":{"enable":true,"include":[],"exclude":[]},"compilerOptions":{"module":1,"target":3,"jsx":1,"allowJs":true,"allowSyntheticDefaultImports":true,"allowNonTsExtensions":true,"noEmitForJsFiles":true,"maxNodeModuleJsDepth":2},"typings":[],"unresolvedImports":[],"kind":"action::set"}
[15:51:37.174] Response has been sent.
[15:51:38.577] Got install request {"projectName":"/dev/null/inferredProject3*","fileNames":[],"compilerOptions":{"module":1,"target":3,"jsx":1,"allowJs":true,"allowSyntheticDefaultImports":true,"allowNonTsExtensions":true,"noEmitForJsFiles":true},"typeAcquisition":{"enable":true,"include":[],"exclude":[]},"unresolvedImports":[],"projectRootPath":"/Users/jetblack/maxwell/GUI/rjs","kind":"discover"}
[15:51:38.581] Explicitly included types: []
[15:51:38.581] Inferred typings from unresolved imports: []
[15:51:38.582] Result: {"cachedTypingPaths":[],"newTypingNames":[],"filesToWatch":["/Users/jetblack/maxwell/GUI/rjs/bower_components","/Users/jetblack/maxwell/GUI/rjs/node_modules"]}
[15:51:38.582] Finished typings discovery: {"cachedTypingPaths":[],"newTypingNames":[],"filesToWatch":["/Users/jetblack/maxwell/GUI/rjs/bower_components","/Users/jetblack/maxwell/GUI/rjs/node_modules"]}
[15:51:38.582] Sending response:
    {"projectName":"/dev/null/inferredProject3*","typeAcquisition":{"enable":true,"include":[],"exclude":[]},"compilerOptions":{"module":1,"target":3,"jsx":1,"allowJs":true,"allowSyntheticDefaultImports":true,"allowNonTsExtensions":true,"noEmitForJsFiles":true},"typings":[],"unresolvedImports":[],"kind":"action::set"}
[15:51:38.582] Response has been sent.
[15:51:38.582] No new typings were requested as a result of typings discovery
[15:51:41.475] Got install request {"projectName":"/dev/null/inferredProject3*","fileNames":["/Users/jetblack/.npm-global/lib/node_modules/typescript/lib/lib.es5.d.ts","/Users/jetblack/.npm-global/lib/node_modules/typescript/lib/lib.es2015.d.ts","/Users/jetblack/.npm-global/lib/node_modules/typescript/lib/lib.es2016.d.ts","/Users/jetblack/.npm-global/lib/node_modules/typescript/lib/lib.dom.d.ts","/Users/jetblack/.npm-global/lib/node_modules/typescript/lib/lib.dom.iterable.d.ts","/Users/jetblack/.npm-global/lib/node_modules/typescript/lib/lib.webworker.importscripts.d.ts","/Users/jetblack/.npm-global/lib/node_modules/typescript/lib/lib.scripthost.d.ts","/Users/jetblack/.npm-global/lib/node_modules/typescript/lib/lib.es2015.core.d.ts","/Users/jetblack/.npm-global/lib/node_modules/typescript/lib/lib.es2015.collection.d.ts","/Users/jetblack/.npm-global/lib/node_modules/typescript/lib/lib.es2015.generator.d.ts","/Users/jetblack/.npm-global/lib/node_modules/typescript/lib/lib.es2015.iterable.d.ts","/Users/jetblack/.npm-global/lib/node_modules/typescript/lib/lib.es2015.promise.d.ts","/Users/jetblack/.npm-global/lib/node_modules/typescript/lib/lib.es2015.proxy.d.ts","/Users/jetblack/.npm-global/lib/node_modules/typescript/lib/lib.es2015.reflect.d.ts","/Users/jetblack/.npm-global/lib/node_modules/typescript/lib/lib.es2015.symbol.d.ts","/Users/jetblack/.npm-global/lib/node_modules/typescript/lib/lib.es2015.symbol.wellknown.d.ts","/Users/jetblack/.npm-global/lib/node_modules/typescript/lib/lib.es2016.array.include.d.ts","/Users/jetblack/.npm-global/lib/node_modules/typescript/lib/lib.es2016.full.d.ts","/Users/jetblack/maxwell/GUI/rjs/history.js"],"compilerOptions":{"module":1,"target":3,"jsx":1,"allowJs":true,"allowSyntheticDefaultImports":true,"allowNonTsExtensions":true,"noEmitForJsFiles":true,"maxNodeModuleJsDepth":2},"typeAcquisition":{"enable":true,"include":[],"exclude":[]},"unresolvedImports":[],"projectRootPath":"/Users/jetblack/maxwell/GUI/rjs","kind":"discover"}
[15:51:41.476] Explicitly included types: []
[15:51:41.476] Inferred typings from file names: ["history"]
[15:51:41.476] Inferred typings from unresolved imports: []
[15:51:41.476] Result: {"cachedTypingPaths":[],"newTypingNames":["history"],"filesToWatch":["/Users/jetblack/maxwell/GUI/rjs/bower_components","/Users/jetblack/maxwell/GUI/rjs/node_modules"]}
[15:51:41.476] Finished typings discovery: {"cachedTypingPaths":[],"newTypingNames":["history"],"filesToWatch":["/Users/jetblack/maxwell/GUI/rjs/bower_components","/Users/jetblack/maxwell/GUI/rjs/node_modules"]}
[15:51:41.476] Installing typings ["history"]
[15:51:41.476] 'history':: Entry for package 'history' does not exist in local types registry - skipping...
[15:51:41.477] All typings are known to be missing or invalid - no need to install more typings
[15:51:41.477] Sending response:
    {"projectName":"/dev/null/inferredProject3*","typeAcquisition":{"enable":true,"include":[],"exclude":[]},"compilerOptions":{"module":1,"target":3,"jsx":1,"allowJs":true,"allowSyntheticDefaultImports":true,"allowNonTsExtensions":true,"noEmitForJsFiles":true,"maxNodeModuleJsDepth":2},"typings":[],"unresolvedImports":[],"kind":"action::set"}
[15:51:41.477] Response has been sent.
[15:51:47.468] Got install request {"projectName":"/dev/null/inferredProject4*","fileNames":["/Users/jetblack/.npm-global/lib/node_modules/typescript/lib/lib.es5.d.ts","/Users/jetblack/.npm-global/lib/node_modules/typescript/lib/lib.es2015.d.ts","/Users/jetblack/.npm-global/lib/node_modules/typescript/lib/lib.es2016.d.ts","/Users/jetblack/.npm-global/lib/node_modules/typescript/lib/lib.dom.d.ts","/Users/jetblack/.npm-global/lib/node_modules/typescript/lib/lib.dom.iterable.d.ts","/Users/jetblack/.npm-global/lib/node_modules/typescript/lib/lib.webworker.importscripts.d.ts","/Users/jetblack/.npm-global/lib/node_modules/typescript/lib/lib.scripthost.d.ts","/Users/jetblack/.npm-global/lib/node_modules/typescript/lib/lib.es2015.core.d.ts","/Users/jetblack/.npm-global/lib/node_modules/typescript/lib/lib.es2015.collection.d.ts","/Users/jetblack/.npm-global/lib/node_modules/typescript/lib/lib.es2015.generator.d.ts","/Users/jetblack/.npm-global/lib/node_modules/typescript/lib/lib.es2015.iterable.d.ts","/Users/jetblack/.npm-global/lib/node_modules/typescript/lib/lib.es2015.promise.d.ts","/Users/jetblack/.npm-global/lib/node_modules/typescript/lib/lib.es2015.proxy.d.ts","/Users/jetblack/.npm-global/lib/node_modules/typescript/lib/lib.es2015.reflect.d.ts","/Users/jetblack/.npm-global/lib/node_modules/typescript/lib/lib.es2015.symbol.d.ts","/Users/jetblack/.npm-global/lib/node_modules/typescript/lib/lib.es2015.symbol.wellknown.d.ts","/Users/jetblack/.npm-global/lib/node_modules/typescript/lib/lib.es2016.array.include.d.ts","/Users/jetblack/.npm-global/lib/node_modules/typescript/lib/lib.es2016.full.d.ts","/Users/jetblack/maxwell/GUI/rjs/events.js"],"compilerOptions":{"module":1,"target":3,"jsx":1,"allowJs":true,"allowSyntheticDefaultImports":true,"allowNonTsExtensions":true,"noEmitForJsFiles":true,"maxNodeModuleJsDepth":2},"typeAcquisition":{"enable":true,"include":[],"exclude":[]},"unresolvedImports":[],"projectRootPath":"/Users/jetblack/maxwell/GUI/rjs","kind":"discover"}
[15:51:47.468] Explicitly included types: []
[15:51:47.468] Inferred typings from unresolved imports: []
[15:51:47.468] Result: {"cachedTypingPaths":[],"newTypingNames":[],"filesToWatch":["/Users/jetblack/maxwell/GUI/rjs/bower_components","/Users/jetblack/maxwell/GUI/rjs/node_modules"]}
[15:51:47.468] Finished typings discovery: {"cachedTypingPaths":[],"newTypingNames":[],"filesToWatch":["/Users/jetblack/maxwell/GUI/rjs/bower_components","/Users/jetblack/maxwell/GUI/rjs/node_modules"]}
[15:51:47.468] DirectoryWatcher:: Added:: WatchInfo: /Users/jetblack/maxwell/GUI/rjs/bower_components
[15:51:47.468] DirectoryWatcher:: Added:: WatchInfo: /Users/jetblack/maxwell/GUI/rjs/bower_components 1 undefined Project: /dev/null/inferredProject4* watcher already invoked: false
[15:51:47.468] Elapsed:: 0.012957572937011719ms DirectoryWatcher:: Added:: WatchInfo: /Users/jetblack/maxwell/GUI/rjs/bower_components 1 undefined Project: /dev/null/inferredProject4* watcher already invoked: false
[15:51:47.468] DirectoryWatcher:: Added:: WatchInfo: /Users/jetblack/maxwell/GUI/rjs/node_modules
[15:51:47.469] DirectoryWatcher:: Added:: WatchInfo: /Users/jetblack/maxwell/GUI/rjs/node_modules 1 undefined Project: /dev/null/inferredProject4* watcher already invoked: false
[15:51:47.469] Elapsed:: 0.005290985107421875ms DirectoryWatcher:: Added:: WatchInfo: /Users/jetblack/maxwell/GUI/rjs/node_modules 1 undefined Project: /dev/null/inferredProject4* watcher already invoked: false
[15:51:47.469] Sending response:
    {"projectName":"/dev/null/inferredProject4*","typeAcquisition":{"enable":true,"include":[],"exclude":[]},"compilerOptions":{"module":1,"target":3,"jsx":1,"allowJs":true,"allowSyntheticDefaultImports":true,"allowNonTsExtensions":true,"noEmitForJsFiles":true,"maxNodeModuleJsDepth":2},"typings":[],"unresolvedImports":[],"kind":"action::set"}
[15:51:47.469] Response has been sent.
[15:51:47.469] No new typings were requested as a result of typings discovery
[15:52:10.204] Got install request {"projectName":"/dev/null/inferredProject5*","fileNames":["/Users/jetblack/.npm-global/lib/node_modules/typescript/lib/lib.es5.d.ts","/Users/jetblack/.npm-global/lib/node_modules/typescript/lib/lib.es2015.d.ts","/Users/jetblack/.npm-global/lib/node_modules/typescript/lib/lib.es2016.d.ts","/Users/jetblack/.npm-global/lib/node_modules/typescript/lib/lib.dom.d.ts","/Users/jetblack/.npm-global/lib/node_modules/typescript/lib/lib.dom.iterable.d.ts","/Users/jetblack/.npm-global/lib/node_modules/typescript/lib/lib.webworker.importscripts.d.ts","/Users/jetblack/.npm-global/lib/node_modules/typescript/lib/lib.scripthost.d.ts","/Users/jetblack/.npm-global/lib/node_modules/typescript/lib/lib.es2015.core.d.ts","/Users/jetblack/.npm-global/lib/node_modules/typescript/lib/lib.es2015.collection.d.ts","/Users/jetblack/.npm-global/lib/node_modules/typescript/lib/lib.es2015.generator.d.ts","/Users/jetblack/.npm-global/lib/node_modules/typescript/lib/lib.es2015.iterable.d.ts","/Users/jetblack/.npm-global/lib/node_modules/typescript/lib/lib.es2015.promise.d.ts","/Users/jetblack/.npm-global/lib/node_modules/typescript/lib/lib.es2015.proxy.d.ts","/Users/jetblack/.npm-global/lib/node_modules/typescript/lib/lib.es2015.reflect.d.ts","/Users/jetblack/.npm-global/lib/node_modules/typescript/lib/lib.es2015.symbol.d.ts","/Users/jetblack/.npm-global/lib/node_modules/typescript/lib/lib.es2015.symbol.wellknown.d.ts","/Users/jetblack/.npm-global/lib/node_modules/typescript/lib/lib.es2016.array.include.d.ts","/Users/jetblack/.npm-global/lib/node_modules/typescript/lib/lib.es2016.full.d.ts","/Users/jetblack/maxwell/GUI/rjs/variables.js"],"compilerOptions":{"module":1,"target":3,"jsx":1,"allowJs":true,"allowSyntheticDefaultImports":true,"allowNonTsExtensions":true,"noEmitForJsFiles":true,"maxNodeModuleJsDepth":2},"typeAcquisition":{"enable":true,"include":[],"exclude":[]},"unresolvedImports":[],"projectRootPath":"/Users/jetblack/maxwell/GUI/rjs","kind":"discover"}
[15:52:10.204] Explicitly included types: []
[15:52:10.204] Inferred typings from unresolved imports: []
[15:52:10.204] Result: {"cachedTypingPaths":[],"newTypingNames":[],"filesToWatch":["/Users/jetblack/maxwell/GUI/rjs/bower_components","/Users/jetblack/maxwell/GUI/rjs/node_modules"]}
[15:52:10.204] Finished typings discovery: {"cachedTypingPaths":[],"newTypingNames":[],"filesToWatch":["/Users/jetblack/maxwell/GUI/rjs/bower_components","/Users/jetblack/maxwell/GUI/rjs/node_modules"]}
[15:52:10.205] DirectoryWatcher:: Added:: WatchInfo: /Users/jetblack/maxwell/GUI/rjs/bower_components
[15:52:10.205] DirectoryWatcher:: Added:: WatchInfo: /Users/jetblack/maxwell/GUI/rjs/bower_components 1 undefined Project: /dev/null/inferredProject5* watcher already invoked: false
[15:52:10.205] Elapsed:: 0.13174962997436523ms DirectoryWatcher:: Added:: WatchInfo: /Users/jetblack/maxwell/GUI/rjs/bower_components 1 undefined Project: /dev/null/inferredProject5* watcher already invoked: false
[15:52:10.205] DirectoryWatcher:: Added:: WatchInfo: /Users/jetblack/maxwell/GUI/rjs/node_modules
[15:52:10.206] DirectoryWatcher:: Added:: WatchInfo: /Users/jetblack/maxwell/GUI/rjs/node_modules 1 undefined Project: /dev/null/inferredProject5* watcher already invoked: false
[15:52:10.206] Elapsed:: 0.10929059982299805ms DirectoryWatcher:: Added:: WatchInfo: /Users/jetblack/maxwell/GUI/rjs/node_modules 1 undefined Project: /dev/null/inferredProject5* watcher already invoked: false
[15:52:10.206] Sending response:
    {"projectName":"/dev/null/inferredProject5*","typeAcquisition":{"enable":true,"include":[],"exclude":[]},"compilerOptions":{"module":1,"target":3,"jsx":1,"allowJs":true,"allowSyntheticDefaultImports":true,"allowNonTsExtensions":true,"noEmitForJsFiles":true,"maxNodeModuleJsDepth":2},"typings":[],"unresolvedImports":[],"kind":"action::set"}
[15:52:10.206] Response has been sent.
[15:52:10.206] No new typings were requested as a result of typings discovery
[15:52:24.680] Got install request {"projectName":"/dev/null/inferredProject6*","fileNames":["/Users/jetblack/.npm-global/lib/node_modules/typescript/lib/lib.es5.d.ts","/Users/jetblack/.npm-global/lib/node_modules/typescript/lib/lib.es2015.d.ts","/Users/jetblack/.npm-global/lib/node_modules/typescript/lib/lib.es2016.d.ts","/Users/jetblack/.npm-global/lib/node_modules/typescript/lib/lib.dom.d.ts","/Users/jetblack/.npm-global/lib/node_modules/typescript/lib/lib.dom.iterable.d.ts","/Users/jetblack/.npm-global/lib/node_modules/typescript/lib/lib.webworker.importscripts.d.ts","/Users/jetblack/.npm-global/lib/node_modules/typescript/lib/lib.scripthost.d.ts","/Users/jetblack/.npm-global/lib/node_modules/typescript/lib/lib.es2015.core.d.ts","/Users/jetblack/.npm-global/lib/node_modules/typescript/lib/lib.es2015.collection.d.ts","/Users/jetblack/.npm-global/lib/node_modules/typescript/lib/lib.es2015.generator.d.ts","/Users/jetblack/.npm-global/lib/node_modules/typescript/lib/lib.es2015.iterable.d.ts","/Users/jetblack/.npm-global/lib/node_modules/typescript/lib/lib.es2015.promise.d.ts","/Users/jetblack/.npm-global/lib/node_modules/typescript/lib/lib.es2015.proxy.d.ts","/Users/jetblack/.npm-global/lib/node_modules/typescript/lib/lib.es2015.reflect.d.ts","/Users/jetblack/.npm-global/lib/node_modules/typescript/lib/lib.es2015.symbol.d.ts","/Users/jetblack/.npm-global/lib/node_modules/typescript/lib/lib.es2015.symbol.wellknown.d.ts","/Users/jetblack/.npm-global/lib/node_modules/typescript/lib/lib.es2016.array.include.d.ts","/Users/jetblack/.npm-global/lib/node_modules/typescript/lib/lib.es2016.full.d.ts","/Users/jetblack/maxwell/GUI/rjs/element.js"],"compilerOptions":{"module":1,"target":3,"jsx":1,"allowJs":true,"allowSyntheticDefaultImports":true,"allowNonTsExtensions":true,"noEmitForJsFiles":true,"maxNodeModuleJsDepth":2},"typeAcquisition":{"enable":true,"include":[],"exclude":[]},"unresolvedImports":[],"projectRootPath":"/Users/jetblack/maxwell/GUI/rjs","kind":"discover"}
[15:52:24.680] Explicitly included types: []
[15:52:24.680] Inferred typings from unresolved imports: []
[15:52:24.681] Result: {"cachedTypingPaths":[],"newTypingNames":[],"filesToWatch":["/Users/jetblack/maxwell/GUI/rjs/bower_components","/Users/jetblack/maxwell/GUI/rjs/node_modules"]}
[15:52:24.681] Finished typings discovery: {"cachedTypingPaths":[],"newTypingNames":[],"filesToWatch":["/Users/jetblack/maxwell/GUI/rjs/bower_components","/Users/jetblack/maxwell/GUI/rjs/node_modules"]}
[15:52:24.681] DirectoryWatcher:: Added:: WatchInfo: /Users/jetblack/maxwell/GUI/rjs/bower_components
[15:52:24.681] DirectoryWatcher:: Added:: WatchInfo: /Users/jetblack/maxwell/GUI/rjs/bower_components 1 undefined Project: /dev/null/inferredProject6* watcher already invoked: false
[15:52:24.681] Elapsed:: 0.16083383560180664ms DirectoryWatcher:: Added:: WatchInfo: /Users/jetblack/maxwell/GUI/rjs/bower_components 1 undefined Project: /dev/null/inferredProject6* watcher already invoked: false
[15:52:24.681] DirectoryWatcher:: Added:: WatchInfo: /Users/jetblack/maxwell/GUI/rjs/node_modules
[15:52:24.681] DirectoryWatcher:: Added:: WatchInfo: /Users/jetblack/maxwell/GUI/rjs/node_modules 1 undefined Project: /dev/null/inferredProject6* watcher already invoked: false
[15:52:24.682] Elapsed:: 0.16241741180419922ms DirectoryWatcher:: Added:: WatchInfo: /Users/jetblack/maxwell/GUI/rjs/node_modules 1 undefined Project: /dev/null/inferredProject6* watcher already invoked: false
[15:52:24.682] Sending response:
    {"projectName":"/dev/null/inferredProject6*","typeAcquisition":{"enable":true,"include":[],"exclude":[]},"compilerOptions":{"module":1,"target":3,"jsx":1,"allowJs":true,"allowSyntheticDefaultImports":true,"allowNonTsExtensions":true,"noEmitForJsFiles":true,"maxNodeModuleJsDepth":2},"typings":[],"unresolvedImports":[],"kind":"action::set"}
[15:52:24.683] Response has been sent.
[15:52:24.683] No new typings were requested as a result of typings discovery
[15:52:38.481] Got install request {"projectName":"/dev/null/inferredProject7*","fileNames":["/Users/jetblack/.npm-global/lib/node_modules/typescript/lib/lib.es5.d.ts","/Users/jetblack/.npm-global/lib/node_modules/typescript/lib/lib.es2015.d.ts","/Users/jetblack/.npm-global/lib/node_modules/typescript/lib/lib.es2016.d.ts","/Users/jetblack/.npm-global/lib/node_modules/typescript/lib/lib.dom.d.ts","/Users/jetblack/.npm-global/lib/node_modules/typescript/lib/lib.dom.iterable.d.ts","/Users/jetblack/.npm-global/lib/node_modules/typescript/lib/lib.webworker.importscripts.d.ts","/Users/jetblack/.npm-global/lib/node_modules/typescript/lib/lib.scripthost.d.ts","/Users/jetblack/.npm-global/lib/node_modules/typescript/lib/lib.es2015.core.d.ts","/Users/jetblack/.npm-global/lib/node_modules/typescript/lib/lib.es2015.collection.d.ts","/Users/jetblack/.npm-global/lib/node_modules/typescript/lib/lib.es2015.generator.d.ts","/Users/jetblack/.npm-global/lib/node_modules/typescript/lib/lib.es2015.iterable.d.ts","/Users/jetblack/.npm-global/lib/node_modules/typescript/lib/lib.es2015.promise.d.ts","/Users/jetblack/.npm-global/lib/node_modules/typescript/lib/lib.es2015.proxy.d.ts","/Users/jetblack/.npm-global/lib/node_modules/typescript/lib/lib.es2015.reflect.d.ts","/Users/jetblack/.npm-global/lib/node_modules/typescript/lib/lib.es2015.symbol.d.ts","/Users/jetblack/.npm-global/lib/node_modules/typescript/lib/lib.es2015.symbol.wellknown.d.ts","/Users/jetblack/.npm-global/lib/node_modules/typescript/lib/lib.es2016.array.include.d.ts","/Users/jetblack/.npm-global/lib/node_modules/typescript/lib/lib.es2016.full.d.ts","/Users/jetblack/maxwell/GUI/rjs/selection.js"],"compilerOptions":{"module":1,"target":3,"jsx":1,"allowJs":true,"allowSyntheticDefaultImports":true,"allowNonTsExtensions":true,"noEmitForJsFiles":true,"maxNodeModuleJsDepth":2},"typeAcquisition":{"enable":true,"include":[],"exclude":[]},"unresolvedImports":[],"projectRootPath":"/Users/jetblack/maxwell/GUI/rjs","kind":"discover"}
[15:52:38.481] Explicitly included types: []
[15:52:38.481] Inferred typings from unresolved imports: []
[15:52:38.481] Result: {"cachedTypingPaths":[],"newTypingNames":[],"filesToWatch":["/Users/jetblack/maxwell/GUI/rjs/bower_components","/Users/jetblack/maxwell/GUI/rjs/node_modules"]}
[15:52:38.481] Finished typings discovery: {"cachedTypingPaths":[],"newTypingNames":[],"filesToWatch":["/Users/jetblack/maxwell/GUI/rjs/bower_components","/Users/jetblack/maxwell/GUI/rjs/node_modules"]}
[15:52:38.482] DirectoryWatcher:: Added:: WatchInfo: /Users/jetblack/maxwell/GUI/rjs/bower_components
[15:52:38.482] DirectoryWatcher:: Added:: WatchInfo: /Users/jetblack/maxwell/GUI/rjs/bower_components 1 undefined Project: /dev/null/inferredProject7* watcher already invoked: false
[15:52:38.482] Elapsed:: 0.37166690826416016ms DirectoryWatcher:: Added:: WatchInfo: /Users/jetblack/maxwell/GUI/rjs/bower_components 1 undefined Project: /dev/null/inferredProject7* watcher already invoked: false
[15:52:38.483] DirectoryWatcher:: Added:: WatchInfo: /Users/jetblack/maxwell/GUI/rjs/node_modules
[15:52:38.483] DirectoryWatcher:: Added:: WatchInfo: /Users/jetblack/maxwell/GUI/rjs/node_modules 1 undefined Project: /dev/null/inferredProject7* watcher already invoked: false
[15:52:38.483] Elapsed:: 0.005625247955322266ms DirectoryWatcher:: Added:: WatchInfo: /Users/jetblack/maxwell/GUI/rjs/node_modules 1 undefined Project: /dev/null/inferredProject7* watcher already invoked: false
[15:52:38.483] Sending response:
    {"projectName":"/dev/null/inferredProject7*","typeAcquisition":{"enable":true,"include":[],"exclude":[]},"compilerOptions":{"module":1,"target":3,"jsx":1,"allowJs":true,"allowSyntheticDefaultImports":true,"allowNonTsExtensions":true,"noEmitForJsFiles":true,"maxNodeModuleJsDepth":2},"typings":[],"unresolvedImports":[],"kind":"action::set"}
[15:52:38.483] Response has been sent.
[15:52:38.483] No new typings were requested as a result of typings discovery
