Info 0    [15:54:11.438] Starting TS Server
Info 1    [15:54:11.439] Version: 4.9.5
Info 2    [15:54:11.439] Arguments: /usr/local/bin/node /Users/jetblack/.npm-global/bin/tsserver --logFile /Users/jetblack/maxwell/GUI/.log/tsserver.log --logVerbosity info --cancellationPipeName /private/var/folders/r8/0d0tm4_j4bvdp7vl3n3s19q40000gq/T/1b5f54818ac47e61213468bd953fc598/tscancellation*
Info 3    [15:54:11.439] Platform: darwin NodeVersion: 16 CaseSensitive: false
Info 4    [15:54:11.439] ServerMode: undefined syntaxOnly: false hasUnknownServerMode: undefined
Info 5    [15:54:11.699] Search path: /Users/jetblack/maxwell/GUI/rjs
Info 6    [15:54:11.700] For info: /Users/jetblack/maxwell/GUI/rjs/pen.js :: No config files found.
Info 7    [15:54:11.706] Starting updateGraphWorker: Project: /dev/null/inferredProject1*
Info 8    [15:54:13.878] Finishing updateGraphWorker: Project: /dev/null/inferredProject1* Version: 1 structureChanged: true structureIsReused:: Not Elapsed: 2171.757375240326ms
Info 9    [15:54:13.878] Project '/dev/null/inferredProject1*' (Inferred)
Info 10   [15:54:13.878] 	Files (258)

Info 11   [15:54:13.878] -----------------------------------------------
Info 12   [15:54:13.890] AutoImportProviderProject: found 2 root files in 2 dependencies in 8.875958919525146 ms
Info 13   [15:54:13.891] Starting updateGraphWorker: Project: /dev/null/autoImportProviderProject1*
Info 14   [15:54:14.084] Finishing updateGraphWorker: Project: /dev/null/autoImportProviderProject1* Version: 1 structureChanged: true structureIsReused:: Not Elapsed: 192.9661250114441ms
Info 15   [15:54:14.084] Project '/dev/null/autoImportProviderProject1*' (AutoImportProvider)
Info 16   [15:54:14.084] 	Files (150)

Info 17   [15:54:14.084] -----------------------------------------------
Info 18   [15:54:15.510] Search path: /Users/jetblack/maxwell/GUI/rjs
Info 19   [15:54:15.510] For info: /Users/jetblack/maxwell/GUI/rjs/index.js :: No config files found.
Info 20   [15:54:15.510] Starting updateGraphWorker: Project: /dev/null/inferredProject2*
Info 21   [15:54:15.603] Finishing updateGraphWorker: Project: /dev/null/inferredProject2* Version: 1 structureChanged: true structureIsReused:: Not Elapsed: 92.57783317565918ms
Info 22   [15:54:15.603] Project '/dev/null/inferredProject2*' (Inferred)
Info 23   [15:54:15.603] 	Files (258)

Info 24   [15:54:15.603] -----------------------------------------------
Info 25   [15:54:15.605] AutoImportProviderProject: found 2 root files in 2 dependencies in 0.9462909698486328 ms
Info 26   [15:54:15.605] Starting updateGraphWorker: Project: /dev/null/autoImportProviderProject2*
Info 27   [15:54:15.629] Finishing updateGraphWorker: Project: /dev/null/autoImportProviderProject2* Version: 1 structureChanged: true structureIsReused:: Not Elapsed: 24.014291286468506ms
Info 28   [15:54:15.630] Project '/dev/null/autoImportProviderProject2*' (AutoImportProvider)
Info 29   [15:54:15.630] 	Files (150)

Info 30   [15:54:15.630] -----------------------------------------------
Info 31   [15:54:32.519] Search path: /Users/jetblack/maxwell/GUI/rjs
Info 32   [15:54:32.519] For info: /Users/jetblack/maxwell/GUI/rjs/setting.js :: No config files found.
Info 33   [15:54:32.520] Starting updateGraphWorker: Project: /dev/null/inferredProject3*
Info 34   [15:54:32.684] Finishing updateGraphWorker: Project: /dev/null/inferredProject3* Version: 1 structureChanged: true structureIsReused:: Not Elapsed: 163.98250007629395ms
Info 35   [15:54:32.684] Project '/dev/null/inferredProject3*' (Inferred)
Info 36   [15:54:32.684] 	Files (258)

Info 37   [15:54:32.684] -----------------------------------------------
Info 38   [15:54:32.694] AutoImportProviderProject: found 2 root files in 2 dependencies in 8.024458408355713 ms
Info 39   [15:54:32.695] Starting updateGraphWorker: Project: /dev/null/autoImportProviderProject3*
Info 40   [15:54:32.736] Finishing updateGraphWorker: Project: /dev/null/autoImportProviderProject3* Version: 1 structureChanged: true structureIsReused:: Not Elapsed: 41.18316602706909ms
Info 41   [15:54:32.737] Project '/dev/null/autoImportProviderProject3*' (AutoImportProvider)
Info 42   [15:54:32.737] 	Files (150)

Info 43   [15:54:32.737] -----------------------------------------------
